<?xml version="1.0" encoding="UTF-8"?>
<!-- Generated by org.testng.reporters.JUnitReportReporter -->
<testsuite hostname="DESKTOP-10CM4K6" failures="0" tests="1" name="com.tests.DemoTest" time="0.009" errors="0" timestamp="03 Oct 2022 10:50:12 GMT" skipped="0">
  <testcase classname="com.tests.DemoTest" name="test01" time="0.009"/>
</testsuite> <!-- com.tests.DemoTest -->
